<?xml version="1.0" encoding="UTF-8"?>
<!-- Generated by org.testng.reporters.JUnitReportReporter -->
<testsuite hostname="DESKTOP-V5BP4EA" name="com.maven.test.pack.SampleTestNG" tests="1" failures="0" timestamp="3 Aug 2016 14:58:13 GMT" time="0.035" errors="0">
  <testcase name="sampleTest" time="0.035" classname="com.maven.test.pack.SampleTestNG"/>
</testsuite> <!-- com.maven.test.pack.SampleTestNG -->
